2021/03/30 08:38:12 [INFO] Terraform version: 0.14.9  
2021/03/30 08:38:12 [INFO] Go runtime version: go1.16.2
2021/03/30 08:38:12 [INFO] CLI args: []string{"/usr/bin/terraform", "init"}
2021/03/30 08:38:12 [DEBUG] Attempting to open CLI config file: terraform.rc
2021/03/30 08:38:12 Loading CLI configuration from terraform.rc
2021/03/30 08:38:12 [DEBUG] Not reading CLI config directory because config location is overridden by environment variable
2021/03/30 08:38:12 [DEBUG] ignoring non-existing provider search directory terraform.d/plugins
2021/03/30 08:38:12 [DEBUG] ignoring non-existing provider search directory /root/.terraform.d/plugins
2021/03/30 08:38:12 [DEBUG] ignoring non-existing provider search directory /root/.local/share/terraform/plugins
2021/03/30 08:38:12 [DEBUG] ignoring non-existing provider search directory /usr/local/share/terraform/plugins
2021/03/30 08:38:12 [DEBUG] ignoring non-existing provider search directory /usr/share/terraform/plugins
2021/03/30 08:38:12 [INFO] CLI command args: []string{"init"}
2021/03/30 08:38:12 [TRACE] ModuleInstaller: installing child modules for . into .terraform/modules
2021/03/30 08:38:12 [DEBUG] Module installer: begin cert-manager
2021/03/30 08:38:12 [TRACE] ModuleInstaller: cert-manager is not yet installed
2021/03/30 08:38:12 [TRACE] ModuleInstaller: cleaning directory .terraform/modules/cert-manager prior to install of cert-manager
2021/03/30 08:38:12 [TRACE] ModuleInstaller: cert-manager is a registry module at aareet/cert-manager/kubernetes
2021/03/30 08:38:12 [DEBUG] cert-manager listing available versions of aareet/cert-manager/kubernetes at registry.terraform.io
2021/03/30 08:38:12 [DEBUG] Service discovery for registry.terraform.io at https://registry.terraform.io/.well-known/terraform.json
2021/03/30 08:38:12 [TRACE] HTTP client GET request to https://registry.terraform.io/.well-known/terraform.json
2021/03/30 08:38:12 [DEBUG] GET https://registry.terraform.io/v1/modules/aareet/cert-manager/kubernetes/versions
2021/03/30 08:38:12 [DEBUG] fetching module versions from "https://registry.terraform.io/v1/modules/aareet/cert-manager/kubernetes/versions"
2021/03/30 08:38:12 [TRACE] HTTP client GET request to https://registry.terraform.io/v1/modules/aareet/cert-manager/kubernetes/versions
2021/03/30 08:38:12 [DEBUG] found available version "0.0.2" for aareet/cert-manager/kubernetes
2021/03/30 08:38:12 [DEBUG] found available version "0.0.1" for aareet/cert-manager/kubernetes
2021/03/30 08:38:12 [DEBUG] looking up module location from "https://registry.terraform.io/v1/modules/aareet/cert-manager/kubernetes/0.0.2/download"
2021/03/30 08:38:12 [DEBUG] GET https://registry.terraform.io/v1/modules/aareet/cert-manager/kubernetes/0.0.2/download
2021/03/30 08:38:12 [TRACE] HTTP client GET request to https://registry.terraform.io/v1/modules/aareet/cert-manager/kubernetes/0.0.2/download
2021/03/30 08:38:12 [TRACE] ModuleInstaller: cert-manager aareet/cert-manager/kubernetes 0.0.2 is available at "git::https://github.com/aareet/terraform-kubernetes-cert-manager?ref=v0.0.2"
2021/03/30 08:38:12 [DEBUG] will download "git::https://github.com/aareet/terraform-kubernetes-cert-manager?ref=v0.0.2" to .terraform/modules/cert-manager
2021/03/30 08:38:12 [TRACE] fetching "git::https://github.com/aareet/terraform-kubernetes-cert-manager?ref=v0.0.2" to ".terraform/modules/cert-manager"
2021/03/30 08:38:13 [TRACE] ModuleInstaller: cert-manager "git::https://github.com/aareet/terraform-kubernetes-cert-manager?ref=v0.0.2" was downloaded to .terraform/modules/cert-manager
2021/03/30 08:38:13 [TRACE] ModuleInstaller: cert-manager should now be at .terraform/modules/cert-manager
2021/03/30 08:38:13 [DEBUG] Module installer: cert-manager installed at .terraform/modules/cert-manager
2021/03/30 08:38:13 [TRACE] modsdir: writing modules manifest to .terraform/modules/modules.json
2021/03/30 08:38:14 [TRACE] Meta.Backend: built configuration for "remote" backend with hash value 2652024935
2021/03/30 08:38:14 [TRACE] Meta.Backend: backend has not previously been initialized in this working directory
2021/03/30 08:38:14 [DEBUG] New state was assigned lineage "3dd0b876-ad1b-d67b-dce3-fc634cbac8d3"
2021/03/30 08:38:14 [TRACE] Meta.Backend: moving from default local state only to "remote" backend
2021/03/30 08:38:14 [DEBUG] Service discovery for app.terraform.io at https://app.terraform.io/.well-known/terraform.json
2021/03/30 08:38:14 [TRACE] HTTP client GET request to https://app.terraform.io/.well-known/terraform.json
2021/03/30 08:38:14 [DEBUG] Retrieve version constraints for service tfe.v2.1 and product terraform
2021/03/30 08:38:14 [TRACE] HTTP client GET request to https://checkpoint-api.hashicorp.com/v1/versions/tfe.v2.1?product=terraform
2021/03/30 08:38:16 [DEBUG] checking for provisioner in "."
2021/03/30 08:38:16 [DEBUG] checking for provisioner in "/usr/bin"
2021/03/30 08:38:16 [INFO] Failed to read plugin lock file .terraform/plugins/linux_amd64/lock.json: open .terraform/plugins/linux_amd64/lock.json: no such file or directory
2021/03/30 08:38:16 [TRACE] backend/local: state manager for workspace "default" will:
 - read initial snapshot from terraform.tfstate
 - write new snapshots to terraform.tfstate
 - create any backup at terraform.tfstate.backup
2021/03/30 08:38:16 [TRACE] statemgr.Filesystem: reading initial snapshot from terraform.tfstate
2021/03/30 08:38:16 [TRACE] statemgr.Filesystem: snapshot file has nil snapshot, but that's okay
2021/03/30 08:38:16 [TRACE] statemgr.Filesystem: read nil snapshot
2021/03/30 08:38:16 [TRACE] Meta.Backend: ignoring local "default" workspace because its state is empty
2021/03/30 08:38:16 [DEBUG] New state was assigned lineage "85990306-ffa2-3c1e-b4ba-f10c2d5ec00c"
2021/03/30 08:38:16 [TRACE] Preserving existing state lineage "85990306-ffa2-3c1e-b4ba-f10c2d5ec00c"
2021/03/30 08:38:16 [TRACE] Meta.Backend: instantiated backend of type *remote.Remote
2021/03/30 08:38:16 [DEBUG] checking for provisioner in "."
2021/03/30 08:38:16 [DEBUG] checking for provisioner in "/usr/bin"
2021/03/30 08:38:16 [INFO] Failed to read plugin lock file .terraform/plugins/linux_amd64/lock.json: open .terraform/plugins/linux_amd64/lock.json: no such file or directory
2021/03/30 08:38:16 [TRACE] Meta.Backend: backend *remote.Remote supports operations
2021/03/30 08:38:17 [DEBUG] GET https://registry.terraform.io/v1/providers/linode/linode/versions
2021/03/30 08:38:17 [TRACE] HTTP client GET request to https://registry.terraform.io/v1/providers/linode/linode/versions
2021/03/30 08:38:17 [DEBUG] GET https://registry.terraform.io/v1/providers/hashicorp/kubernetes-alpha/versions
2021/03/30 08:38:17 [TRACE] HTTP client GET request to https://registry.terraform.io/v1/providers/hashicorp/kubernetes-alpha/versions
2021/03/30 08:38:18 [TRACE] providercache.fillMetaCache: scanning directory .terraform/providers
2021/03/30 08:38:18 [TRACE] getproviders.SearchLocalDirectory: failed to resolve symlinks for .terraform/providers: lstat .terraform/providers: no such file or directory
2021/03/30 08:38:18 [TRACE] providercache.fillMetaCache: error while scanning directory .terraform/providers: cannot search .terraform/providers: lstat .terraform/providers: no such file or directory
2021/03/30 08:38:18 [DEBUG] GET https://registry.terraform.io/v1/providers/linode/linode/1.16.0/download/linux/amd64
2021/03/30 08:38:18 [TRACE] HTTP client GET request to https://registry.terraform.io/v1/providers/linode/linode/1.16.0/download/linux/amd64
2021/03/30 08:38:18 [DEBUG] GET https://github.com/linode/terraform-provider-linode/releases/download/v1.16.0/terraform-provider-linode_1.16.0_SHA256SUMS
2021/03/30 08:38:18 [TRACE] HTTP client GET request to https://github.com/linode/terraform-provider-linode/releases/download/v1.16.0/terraform-provider-linode_1.16.0_SHA256SUMS
2021/03/30 08:38:18 [TRACE] HTTP client GET request to https://github-releases.githubusercontent.com/153338661/57c44180-827b-11eb-82ef-11457773a90f?X-Amz-Algorithm=AWS4-HMAC-SHA256&X-Amz-Credential=AKIAIWNJYAX4CSVEH53A%2F20210330%2Fus-east-1%2Fs3%2Faws4_request&X-Amz-Date=20210330T083818Z&X-Amz-Expires=300&X-Amz-Signature=16f2f1198b5e42c2797f86baf9265200280a6dccf427379ed5c54dd453638150&X-Amz-SignedHeaders=host&actor_id=0&key_id=0&repo_id=153338661&response-content-disposition=attachment%3B%20filename%3Dterraform-provider-linode_1.16.0_SHA256SUMS&response-content-type=application%2Foctet-stream
2021/03/30 08:38:18 [DEBUG] GET https://github.com/linode/terraform-provider-linode/releases/download/v1.16.0/terraform-provider-linode_1.16.0_SHA256SUMS.sig
2021/03/30 08:38:18 [TRACE] HTTP client GET request to https://github.com/linode/terraform-provider-linode/releases/download/v1.16.0/terraform-provider-linode_1.16.0_SHA256SUMS.sig
2021/03/30 08:38:18 [TRACE] HTTP client GET request to https://github-releases.githubusercontent.com/153338661/54c95100-827b-11eb-81f3-cfef1be31142?X-Amz-Algorithm=AWS4-HMAC-SHA256&X-Amz-Credential=AKIAIWNJYAX4CSVEH53A%2F20210330%2Fus-east-1%2Fs3%2Faws4_request&X-Amz-Date=20210330T083818Z&X-Amz-Expires=300&X-Amz-Signature=3cec5cebe511a2ed712b40949f22460537d39eb94b92746503f89d7142fdd91e&X-Amz-SignedHeaders=host&actor_id=0&key_id=0&repo_id=153338661&response-content-disposition=attachment%3B%20filename%3Dterraform-provider-linode_1.16.0_SHA256SUMS.sig&response-content-type=application%2Foctet-stream
2021/03/30 08:38:19 [TRACE] providercache.Dir.InstallPackage: installing registry.terraform.io/linode/linode v1.16.0 from https://github.com/linode/terraform-provider-linode/releases/download/v1.16.0/terraform-provider-linode_1.16.0_linux_amd64.zip
2021/03/30 08:38:19 [TRACE] HTTP client GET request to https://github.com/linode/terraform-provider-linode/releases/download/v1.16.0/terraform-provider-linode_1.16.0_linux_amd64.zip
2021/03/30 08:38:19 [TRACE] HTTP client GET request to https://github-releases.githubusercontent.com/153338661/55fa7e00-827b-11eb-918c-b80a40b9e3dd?X-Amz-Algorithm=AWS4-HMAC-SHA256&X-Amz-Credential=AKIAIWNJYAX4CSVEH53A%2F20210330%2Fus-east-1%2Fs3%2Faws4_request&X-Amz-Date=20210330T083819Z&X-Amz-Expires=300&X-Amz-Signature=fbb677e1ef030807e824e56f5bf8f88f8c937dde02a033b6d8b5a8ccd785904a&X-Amz-SignedHeaders=host&actor_id=0&key_id=0&repo_id=153338661&response-content-disposition=attachment%3B%20filename%3Dterraform-provider-linode_1.16.0_linux_amd64.zip&response-content-type=application%2Foctet-stream
2021/03/30 08:38:20 [DEBUG] Provider signed by F4E6BBD0EA4FE463 Phillip Campbell <dev-dx@linode.com>
2021/03/30 08:38:20 [TRACE] providercache.fillMetaCache: scanning directory .terraform/providers
2021/03/30 08:38:20 [TRACE] getproviders.SearchLocalDirectory: .terraform/providers is a symlink to .terraform/providers
2021/03/30 08:38:20 [TRACE] getproviders.SearchLocalDirectory: found registry.terraform.io/linode/linode v1.16.0 for linux_amd64 at .terraform/providers/registry.terraform.io/linode/linode/1.16.0/linux_amd64
2021/03/30 08:38:20 [TRACE] providercache.fillMetaCache: including .terraform/providers/registry.terraform.io/linode/linode/1.16.0/linux_amd64 as a candidate package for registry.terraform.io/linode/linode 1.16.0
2021/03/30 08:38:20 [DEBUG] GET https://registry.terraform.io/v1/providers/hashicorp/kubernetes-alpha/0.3.2/download/linux/amd64
2021/03/30 08:38:20 [TRACE] providercache.fillMetaCache: using cached result from previous scan of .terraform/providers
2021/03/30 08:38:20 [TRACE] HTTP client GET request to https://registry.terraform.io/v1/providers/hashicorp/kubernetes-alpha/0.3.2/download/linux/amd64
2021/03/30 08:38:20 [DEBUG] GET https://releases.hashicorp.com/terraform-provider-kubernetes-alpha/0.3.2/terraform-provider-kubernetes-alpha_0.3.2_SHA256SUMS
2021/03/30 08:38:20 [TRACE] HTTP client GET request to https://releases.hashicorp.com/terraform-provider-kubernetes-alpha/0.3.2/terraform-provider-kubernetes-alpha_0.3.2_SHA256SUMS
2021/03/30 08:38:20 [DEBUG] GET https://releases.hashicorp.com/terraform-provider-kubernetes-alpha/0.3.2/terraform-provider-kubernetes-alpha_0.3.2_SHA256SUMS.sig
2021/03/30 08:38:20 [TRACE] HTTP client GET request to https://releases.hashicorp.com/terraform-provider-kubernetes-alpha/0.3.2/terraform-provider-kubernetes-alpha_0.3.2_SHA256SUMS.sig
2021/03/30 08:38:20 [TRACE] providercache.Dir.InstallPackage: installing registry.terraform.io/hashicorp/kubernetes-alpha v0.3.2 from https://releases.hashicorp.com/terraform-provider-kubernetes-alpha/0.3.2/terraform-provider-kubernetes-alpha_0.3.2_linux_amd64.zip
2021/03/30 08:38:20 [TRACE] HTTP client GET request to https://releases.hashicorp.com/terraform-provider-kubernetes-alpha/0.3.2/terraform-provider-kubernetes-alpha_0.3.2_linux_amd64.zip
2021/03/30 08:38:21 [DEBUG] Provider signed by 51852D87348FFC4C HashiCorp Security <security@hashicorp.com>
2021/03/30 08:38:21 [TRACE] providercache.fillMetaCache: scanning directory .terraform/providers
2021/03/30 08:38:21 [TRACE] getproviders.SearchLocalDirectory: .terraform/providers is a symlink to .terraform/providers
2021/03/30 08:38:21 [TRACE] getproviders.SearchLocalDirectory: found registry.terraform.io/hashicorp/kubernetes-alpha v0.3.2 for linux_amd64 at .terraform/providers/registry.terraform.io/hashicorp/kubernetes-alpha/0.3.2/linux_amd64
2021/03/30 08:38:21 [TRACE] getproviders.SearchLocalDirectory: found registry.terraform.io/linode/linode v1.16.0 for linux_amd64 at .terraform/providers/registry.terraform.io/linode/linode/1.16.0/linux_amd64
2021/03/30 08:38:21 [TRACE] providercache.fillMetaCache: including .terraform/providers/registry.terraform.io/hashicorp/kubernetes-alpha/0.3.2/linux_amd64 as a candidate package for registry.terraform.io/hashicorp/kubernetes-alpha 0.3.2
2021/03/30 08:38:21 [TRACE] providercache.fillMetaCache: including .terraform/providers/registry.terraform.io/linode/linode/1.16.0/linux_amd64 as a candidate package for registry.terraform.io/linode/linode 1.16.0
