2021/03/30 08:38:51 [INFO] Terraform version: 0.14.9  
2021/03/30 08:38:51 [INFO] Go runtime version: go1.16.2
2021/03/30 08:38:51 [INFO] CLI args: []string{"/usr/bin/terraform", "output", "kubeconfig"}
2021/03/30 08:38:51 [DEBUG] Attempting to open CLI config file: terraform.rc
2021/03/30 08:38:51 Loading CLI configuration from terraform.rc
2021/03/30 08:38:51 [DEBUG] Not reading CLI config directory because config location is overridden by environment variable
2021/03/30 08:38:51 [DEBUG] ignoring non-existing provider search directory terraform.d/plugins
2021/03/30 08:38:51 [DEBUG] ignoring non-existing provider search directory /root/.terraform.d/plugins
2021/03/30 08:38:51 [DEBUG] ignoring non-existing provider search directory /root/.local/share/terraform/plugins
2021/03/30 08:38:51 [DEBUG] ignoring non-existing provider search directory /usr/local/share/terraform/plugins
2021/03/30 08:38:51 [DEBUG] ignoring non-existing provider search directory /usr/share/terraform/plugins
2021/03/30 08:38:51 [INFO] CLI command args: []string{"output", "kubeconfig"}
2021/03/30 08:38:51 [TRACE] Meta.Backend: BackendOpts.Config not set, so using settings loaded from main.tf:2,3-19
2021/03/30 08:38:51 [TRACE] Meta.Backend: built configuration for "remote" backend with hash value 2652024935
2021/03/30 08:38:51 [TRACE] Preserving existing state lineage "85990306-ffa2-3c1e-b4ba-f10c2d5ec00c"
2021/03/30 08:38:51 [TRACE] Preserving existing state lineage "85990306-ffa2-3c1e-b4ba-f10c2d5ec00c"
2021/03/30 08:38:51 [TRACE] Meta.Backend: working directory was previously initialized for "remote" backend
2021/03/30 08:38:51 [TRACE] Meta.Backend: using already-initialized, unchanged "remote" backend configuration
2021/03/30 08:38:51 [DEBUG] Service discovery for app.terraform.io at https://app.terraform.io/.well-known/terraform.json
2021/03/30 08:38:51 [TRACE] HTTP client GET request to https://app.terraform.io/.well-known/terraform.json
2021/03/30 08:38:51 [DEBUG] Retrieve version constraints for service tfe.v2.1 and product terraform
2021/03/30 08:38:51 [TRACE] HTTP client GET request to https://checkpoint-api.hashicorp.com/v1/versions/tfe.v2.1?product=terraform
2021/03/30 08:38:53 [TRACE] Meta.Backend: instantiated backend of type *remote.Remote
2021/03/30 08:38:53 [TRACE] providercache.fillMetaCache: scanning directory .terraform/providers
2021/03/30 08:38:53 [TRACE] getproviders.SearchLocalDirectory: .terraform/providers is a symlink to .terraform/providers
2021/03/30 08:38:53 [TRACE] getproviders.SearchLocalDirectory: found registry.terraform.io/hashicorp/kubernetes-alpha v0.3.2 for linux_amd64 at .terraform/providers/registry.terraform.io/hashicorp/kubernetes-alpha/0.3.2/linux_amd64
2021/03/30 08:38:53 [TRACE] getproviders.SearchLocalDirectory: found registry.terraform.io/linode/linode v1.16.0 for linux_amd64 at .terraform/providers/registry.terraform.io/linode/linode/1.16.0/linux_amd64
2021/03/30 08:38:53 [TRACE] providercache.fillMetaCache: including .terraform/providers/registry.terraform.io/hashicorp/kubernetes-alpha/0.3.2/linux_amd64 as a candidate package for registry.terraform.io/hashicorp/kubernetes-alpha 0.3.2
2021/03/30 08:38:53 [TRACE] providercache.fillMetaCache: including .terraform/providers/registry.terraform.io/linode/linode/1.16.0/linux_amd64 as a candidate package for registry.terraform.io/linode/linode 1.16.0
2021/03/30 08:38:53 [TRACE] providercache.fillMetaCache: using cached result from previous scan of .terraform/providers
2021/03/30 08:38:53 [DEBUG] checking for provisioner in "."
2021/03/30 08:38:53 [DEBUG] checking for provisioner in "/usr/bin"
2021/03/30 08:38:53 [INFO] Failed to read plugin lock file .terraform/plugins/linux_amd64/lock.json: open .terraform/plugins/linux_amd64/lock.json: no such file or directory
2021/03/30 08:38:53 [TRACE] Meta.Backend: backend *remote.Remote supports operations
