2021/03/30 13:16:09 [INFO] Terraform version: 0.14.9  
2021/03/30 13:16:09 [INFO] Go runtime version: go1.16.2
2021/03/30 13:16:09 [INFO] CLI args: []string{"/nix/store/k7qm0vmzs3gqmhnkbwj84mi1r8qwbcki-terraform-0.14.9/bin/terraform", "init", "-backend-config=backend.hcl"}
2021/03/30 13:16:09 [DEBUG] Attempting to open CLI config file: terraform.rc
2021/03/30 13:16:09 Loading CLI configuration from terraform.rc
2021/03/30 13:16:09 [DEBUG] Not reading CLI config directory because config location is overridden by environment variable
2021/03/30 13:16:09 [DEBUG] ignoring non-existing provider search directory terraform.d/plugins
2021/03/30 13:16:09 [DEBUG] ignoring non-existing provider search directory /home/intj/.terraform.d/plugins
2021/03/30 13:16:09 [DEBUG] ignoring non-existing provider search directory /home/intj/.local/share/terraform/plugins
2021/03/30 13:16:09 [DEBUG] ignoring non-existing provider search directory /nix/store/8nwgidwa623jkz09wn0rjvcs07jjval3-patchelf-0.12/share/terraform/plugins
2021/03/30 13:16:09 [INFO] CLI command args: []string{"init", "-backend-config=backend.hcl"}
2021/03/30 13:16:09 [TRACE] ModuleInstaller: installing child modules for . into .terraform/modules
2021/03/30 13:16:09 [DEBUG] Module installer: begin cert-manager
2021/03/30 13:16:09 [TRACE] ModuleInstaller: Module installer: cert-manager 0.0.2 already installed in .terraform/modules/cert-manager
2021/03/30 13:16:09 [TRACE] modsdir: writing modules manifest to .terraform/modules/modules.json
2021/03/30 13:16:09 [TRACE] Meta.Backend: merging -backend-config=... CLI overrides into backend configuration
2021/03/30 13:16:09 [TRACE] Meta.Backend: built configuration for "remote" backend with hash value 2846902808
2021/03/30 13:16:09 [TRACE] Preserving existing state lineage "b8519c2e-25dc-9cca-4ce8-a5538017b0ad"
2021/03/30 13:16:09 [TRACE] Preserving existing state lineage "b8519c2e-25dc-9cca-4ce8-a5538017b0ad"
2021/03/30 13:16:09 [TRACE] Meta.Backend: working directory was previously initialized for "remote" backend
2021/03/30 13:16:09 [TRACE] backendConfigNeedsMigration: given configuration matches cached configuration, so no migration is required
2021/03/30 13:16:09 [TRACE] Meta.Backend: using already-initialized "remote" backend configuration
2021/03/30 13:16:09 [DEBUG] Service discovery for app.terraform.io at https://app.terraform.io/.well-known/terraform.json
2021/03/30 13:16:09 [TRACE] HTTP client GET request to https://app.terraform.io/.well-known/terraform.json
2021/03/30 13:16:10 [DEBUG] Retrieve version constraints for service tfe.v2.1 and product terraform
2021/03/30 13:16:10 [TRACE] HTTP client GET request to https://checkpoint-api.hashicorp.com/v1/versions/tfe.v2.1?product=terraform
2021/03/30 13:16:11 [TRACE] Meta.Backend: instantiated backend of type *remote.Remote
2021/03/30 13:16:11 [TRACE] providercache.fillMetaCache: scanning directory .terraform/providers
2021/03/30 13:16:11 [TRACE] getproviders.SearchLocalDirectory: .terraform/providers is a symlink to .terraform/providers
2021/03/30 13:16:11 [TRACE] getproviders.SearchLocalDirectory: found registry.terraform.io/hashicorp/kubernetes-alpha v0.3.2 for linux_amd64 at .terraform/providers/registry.terraform.io/hashicorp/kubernetes-alpha/0.3.2/linux_amd64
2021/03/30 13:16:11 [TRACE] getproviders.SearchLocalDirectory: found registry.terraform.io/linode/linode v1.16.0 for linux_amd64 at .terraform/providers/registry.terraform.io/linode/linode/1.16.0/linux_amd64
2021/03/30 13:16:11 [TRACE] providercache.fillMetaCache: including .terraform/providers/registry.terraform.io/hashicorp/kubernetes-alpha/0.3.2/linux_amd64 as a candidate package for registry.terraform.io/hashicorp/kubernetes-alpha 0.3.2
2021/03/30 13:16:11 [TRACE] providercache.fillMetaCache: including .terraform/providers/registry.terraform.io/linode/linode/1.16.0/linux_amd64 as a candidate package for registry.terraform.io/linode/linode 1.16.0
2021/03/30 13:16:11 [TRACE] providercache.fillMetaCache: using cached result from previous scan of .terraform/providers
2021/03/30 13:16:11 [DEBUG] checking for provisioner in "."
2021/03/30 13:16:11 [DEBUG] checking for provisioner in "/nix/store/k7qm0vmzs3gqmhnkbwj84mi1r8qwbcki-terraform-0.14.9/bin"
2021/03/30 13:16:11 [INFO] Failed to read plugin lock file .terraform/plugins/linux_amd64/lock.json: open .terraform/plugins/linux_amd64/lock.json: no such file or directory
2021/03/30 13:16:11 [TRACE] Meta.Backend: backend *remote.Remote supports operations
2021/03/30 13:16:12 [DEBUG] Service discovery for registry.terraform.io at https://registry.terraform.io/.well-known/terraform.json
2021/03/30 13:16:12 [TRACE] HTTP client GET request to https://registry.terraform.io/.well-known/terraform.json
2021/03/30 13:16:13 [DEBUG] GET https://registry.terraform.io/v1/providers/hashicorp/kubernetes-alpha/versions
2021/03/30 13:16:13 [TRACE] HTTP client GET request to https://registry.terraform.io/v1/providers/hashicorp/kubernetes-alpha/versions
2021/03/30 13:16:13 [DEBUG] GET https://registry.terraform.io/v1/providers/linode/linode/versions
2021/03/30 13:16:13 [TRACE] HTTP client GET request to https://registry.terraform.io/v1/providers/linode/linode/versions
2021/03/30 13:16:13 [TRACE] providercache.fillMetaCache: scanning directory .terraform/providers
2021/03/30 13:16:13 [TRACE] getproviders.SearchLocalDirectory: .terraform/providers is a symlink to .terraform/providers
2021/03/30 13:16:13 [TRACE] getproviders.SearchLocalDirectory: found registry.terraform.io/hashicorp/kubernetes-alpha v0.3.2 for linux_amd64 at .terraform/providers/registry.terraform.io/hashicorp/kubernetes-alpha/0.3.2/linux_amd64
2021/03/30 13:16:13 [TRACE] getproviders.SearchLocalDirectory: found registry.terraform.io/linode/linode v1.16.0 for linux_amd64 at .terraform/providers/registry.terraform.io/linode/linode/1.16.0/linux_amd64
2021/03/30 13:16:13 [TRACE] providercache.fillMetaCache: including .terraform/providers/registry.terraform.io/hashicorp/kubernetes-alpha/0.3.2/linux_amd64 as a candidate package for registry.terraform.io/hashicorp/kubernetes-alpha 0.3.2
2021/03/30 13:16:13 [TRACE] providercache.fillMetaCache: including .terraform/providers/registry.terraform.io/linode/linode/1.16.0/linux_amd64 as a candidate package for registry.terraform.io/linode/linode 1.16.0
2021/03/30 13:16:13 [TRACE] providercache.fillMetaCache: using cached result from previous scan of .terraform/providers
